[ 2018-03-20T17:26:01+08:00 ] 127.0.0.1 /Home/pending
INFO: [ app_init ] --START--
INFO: Run Behavior\BuildLiteBehavior [ RunTime:0.000000s ]
INFO: [ app_init ] --END-- [ RunTime:0.015600s ]
INFO: [ app_begin ] --START--
INFO: Run Behavior\ReadHtmlCacheBehavior [ RunTime:0.000000s ]
INFO: [ app_begin ] --END-- [ RunTime:0.000000s ]
NOTIC: [8] A session had already been started - ignoring session_start() D:\xiaoyunju\ThinkPHP\Common\functions.php 第 1265 行.
SQL: SHOW COLUMNS FROM `yang_config` [ RunTime:0.0020s ]
SQL: SELECT * FROM `yang_config`  [ RunTime:0.0000s ]
SQL: SHOW COLUMNS FROM `yang_message` [ RunTime:0.0010s ]
SQL: SELECT COUNT(*) AS tp_count FROM `yang_message` WHERE `type` <> -2 AND `member_id` = null AND `status` = 0 LIMIT 1   [ RunTime:0.0040s ]
SQL: SHOW COLUMNS FROM `yang_article_category` [ RunTime:0.0010s ]
SQL: SELECT `id`,`name` FROM `yang_article_category` WHERE ( parent_id = 6 ) LIMIT 4   [ RunTime:0.0000s ]
SQL: SHOW COLUMNS FROM `yang_article` [ RunTime:0.0020s ]
SQL: SELECT `article_id`,`title` FROM `yang_article` WHERE ( position_id = 7 ) LIMIT 4   [ RunTime:0.0000s ]
SQL: SHOW COLUMNS FROM `yang_member` [ RunTime:0.0010s ]
SQL: SELECT COUNT(*) AS tp_count FROM `yang_member` WHERE `status` = 5 AND `pid` = null LIMIT 1   [ RunTime:0.0030s ]
NOTIC: [2] unlink(./App/Runtime/Temp/1af0389838508d7016a9841eb6273962.php): No such file or directory D:\xiaoyunju\ThinkPHP\Library\Think\Cache\Driver\File.class.php 第 157 行.
SQL: SHOW COLUMNS FROM `yang_currency` [ RunTime:0.0010s ]
SQL: SELECT `currency_id`,`currency_name`,`currency_logo`,`currency_mark`,`currency_unit`,`currency_content`,`currency_all_num`,`currency_buy_fee`,`currency_sell_fee`,`currency_url`,`trade_currency_id`,`is_line`,`is_lock`,`port_number`,`add_time`,`status`,`rpc_url`,`rpc_pwd`,`rpc_user`,`currency_all_tibi`,`detail_url`,`qianbao_url`,`qianbao_key`,`price_up`,`price_down`,`sort`,`currency_digit_num`,`guanwang_url`,`currency_fee_reward`,`start_time_h`,`end_time_h`,`end_time_m`,`start_time_m`,`is_lock_6`,`is_lock_7` FROM `yang_currency` WHERE ( is_line=1  ) ORDER BY sort  [ RunTime:0.0000s ]
SQL: SELECT * FROM `yang_currency` WHERE `trade_currency_id` = 0 LIMIT 1   [ RunTime:0.0000s ]
SQL: SHOW COLUMNS FROM `yang_trade_37` [ RunTime:0.0020s ]
SQL: SELECT `price`,`num` FROM `yang_trade_37` ORDER BY add_time desc LIMIT 1   [ RunTime:0.0000s ]
SQL: SELECT * FROM `yang_trade_37` ORDER BY add_time desc LIMIT 1   [ RunTime:0.0000s ]
SQL: SELECT * FROM `yang_trade_37` WHERE ( add_time<1521537961-60*60*24 ) ORDER BY add_time desc LIMIT 1   [ RunTime:0.0000s ]
SQL: SELECT * FROM `yang_trade_37` WHERE ( add_time<1521537961-60*60*24*7 ) ORDER BY add_time desc LIMIT 1   [ RunTime:0.0000s ]
SQL: SELECT sum(num) as allnum,sum(money) as all_money FROM `yang_trade_37` WHERE `add_time` BETWEEN 1521451561 AND 1521537961 LIMIT 1   [ RunTime:0.0000s ]
SQL: SELECT `price` FROM `yang_trade_37` ORDER BY price desc LIMIT 1   [ RunTime:0.0000s ]
SQL: SELECT `price` FROM `yang_trade_37` ORDER BY price asc LIMIT 1   [ RunTime:0.0000s ]
SQL: SELECT `currency_name`,`currency_mark`,`currency_logo`,`currency_all_num` FROM `yang_currency` WHERE ( currency_id=37 ) LIMIT 1   [ RunTime:0.0000s ]
SQL: SHOW COLUMNS FROM `yang_currency_user` [ RunTime:0.0010s ]
SQL: SELECT * FROM `yang_currency_user` WHERE `member_id` = null AND `status` = 0 AND `currency_id` = 37 LIMIT 1   [ RunTime:0.0000s ]
INFO: [ view_parse ] --START--
INFO: [ template_filter ] --START--
INFO: Run Behavior\ContentReplaceBehavior [ RunTime:0.000000s ]
INFO: [ template_filter ] --END-- [ RunTime:0.000000s ]
INFO: Run Behavior\ParseTemplateBehavior [ RunTime:0.002000s ]
INFO: [ view_parse ] --END-- [ RunTime:0.002000s ]
INFO: [ view_filter ] --START--
INFO: Run Behavior\WriteHtmlCacheBehavior [ RunTime:0.000000s ]
INFO: [ view_filter ] --END-- [ RunTime:0.000000s ]
INFO: [ app_end ] --START--
INFO: Run Behavior\ShowPageTraceBehavior [ RunTime:0.001000s ]
INFO: [ app_end ] --END-- [ RunTime:0.001000s ]

[ 2018-03-20T17:26:01+08:00 ] 127.0.0.1 /Home/%E8%BF%85%E9%9B%B7%E5%BF%AB%E4%BC%A0-%E5%AF%B9%E4%B8%8D%E8%B5%B7%EF%BC%8C%E6%9C%AA%E8%83%BD%E6%89%BE%E5%88%B0%E6%82%A8%E6%83%B3%E8%A6%81%E7%9A%84%E9%A1%B5%E9%9D%A2_files/r.txt
INFO: [ app_init ] --START--
INFO: Run Behavior\BuildLiteBehavior [ RunTime:0.000000s ]
INFO: [ app_init ] --END-- [ RunTime:0.000000s ]
INFO: [ app_begin ] --START--
INFO: Run Behavior\ReadHtmlCacheBehavior [ RunTime:0.001000s ]
INFO: [ app_begin ] --END-- [ RunTime:0.001000s ]
NOTIC: [8] A session had already been started - ignoring session_start() D:\xiaoyunju\ThinkPHP\Common\functions.php 第 1265 行.
SQL: SELECT COUNT(*) AS tp_count FROM `yang_message` WHERE `type` <> -2 AND `member_id` = null AND `status` = 0 LIMIT 1   [ RunTime:0.0040s ]
SQL: SELECT COUNT(*) AS tp_count FROM `yang_member` WHERE `status` = 5 AND `pid` = null LIMIT 1   [ RunTime:0.0040s ]
SQL: SELECT `currency_id`,`currency_name`,`currency_logo`,`currency_mark`,`currency_unit`,`currency_content`,`currency_all_num`,`currency_buy_fee`,`currency_sell_fee`,`currency_url`,`trade_currency_id`,`is_line`,`is_lock`,`port_number`,`add_time`,`status`,`rpc_url`,`rpc_pwd`,`rpc_user`,`currency_all_tibi`,`detail_url`,`qianbao_url`,`qianbao_key`,`price_up`,`price_down`,`sort`,`currency_digit_num`,`guanwang_url`,`currency_fee_reward`,`start_time_h`,`end_time_h`,`end_time_m`,`start_time_m`,`is_lock_6`,`is_lock_7` FROM `yang_currency` WHERE ( is_line=1  ) ORDER BY sort  [ RunTime:0.0000s ]
SQL: SELECT * FROM `yang_currency` WHERE `trade_currency_id` = 0 LIMIT 1   [ RunTime:0.0010s ]
SQL: SELECT * FROM `yang_currency_user` WHERE `member_id` = null AND `status` = 0 AND `currency_id` = 37 LIMIT 1   [ RunTime:0.0000s ]
INFO: [ view_parse ] --START--
INFO: [ template_filter ] --START--
INFO: Run Behavior\ContentReplaceBehavior [ RunTime:0.000000s ]
INFO: [ template_filter ] --END-- [ RunTime:0.000000s ]
INFO: Run Behavior\ParseTemplateBehavior [ RunTime:0.002000s ]
INFO: [ view_parse ] --END-- [ RunTime:0.002000s ]
INFO: [ view_filter ] --START--
INFO: Run Behavior\WriteHtmlCacheBehavior [ RunTime:0.000000s ]
INFO: [ view_filter ] --END-- [ RunTime:0.000000s ]
INFO: [ app_end ] --START--
INFO: Run Behavior\ShowPageTraceBehavior [ RunTime:0.000000s ]
INFO: [ app_end ] --END-- [ RunTime:0.000000s ]

[ 2018-03-20T17:26:03+08:00 ] 127.0.0.1 /Home/pending
INFO: [ app_init ] --START--
INFO: Run Behavior\BuildLiteBehavior [ RunTime:0.000000s ]
INFO: [ app_init ] --END-- [ RunTime:0.000000s ]
INFO: [ app_begin ] --START--
INFO: Run Behavior\ReadHtmlCacheBehavior [ RunTime:0.000000s ]
INFO: [ app_begin ] --END-- [ RunTime:0.000000s ]
NOTIC: [8] A session had already been started - ignoring session_start() D:\xiaoyunju\ThinkPHP\Common\functions.php 第 1265 行.
SQL: SELECT COUNT(*) AS tp_count FROM `yang_message` WHERE `type` <> -2 AND `member_id` = null AND `status` = 0 LIMIT 1   [ RunTime:0.0050s ]
SQL: SELECT COUNT(*) AS tp_count FROM `yang_member` WHERE `status` = 5 AND `pid` = null LIMIT 1   [ RunTime:0.0030s ]
SQL: SELECT `currency_id`,`currency_name`,`currency_logo`,`currency_mark`,`currency_unit`,`currency_content`,`currency_all_num`,`currency_buy_fee`,`currency_sell_fee`,`currency_url`,`trade_currency_id`,`is_line`,`is_lock`,`port_number`,`add_time`,`status`,`rpc_url`,`rpc_pwd`,`rpc_user`,`currency_all_tibi`,`detail_url`,`qianbao_url`,`qianbao_key`,`price_up`,`price_down`,`sort`,`currency_digit_num`,`guanwang_url`,`currency_fee_reward`,`start_time_h`,`end_time_h`,`end_time_m`,`start_time_m`,`is_lock_6`,`is_lock_7` FROM `yang_currency` WHERE ( is_line=1  ) ORDER BY sort  [ RunTime:0.0000s ]
SQL: SELECT * FROM `yang_currency` WHERE `trade_currency_id` = 0 LIMIT 1   [ RunTime:0.0000s ]
SQL: SELECT * FROM `yang_currency_user` WHERE `member_id` = null AND `status` = 0 AND `currency_id` = 37 LIMIT 1   [ RunTime:0.0000s ]
INFO: [ view_parse ] --START--
INFO: [ template_filter ] --START--
INFO: Run Behavior\ContentReplaceBehavior [ RunTime:0.000000s ]
INFO: [ template_filter ] --END-- [ RunTime:0.000000s ]
INFO: Run Behavior\ParseTemplateBehavior [ RunTime:0.002000s ]
INFO: [ view_parse ] --END-- [ RunTime:0.002000s ]
INFO: [ view_filter ] --START--
INFO: Run Behavior\WriteHtmlCacheBehavior [ RunTime:0.001000s ]
INFO: [ view_filter ] --END-- [ RunTime:0.001000s ]
INFO: [ app_end ] --START--
INFO: Run Behavior\ShowPageTraceBehavior [ RunTime:0.000000s ]
INFO: [ app_end ] --END-- [ RunTime:0.000000s ]

[ 2018-03-20T17:26:03+08:00 ] 127.0.0.1 /Home/%E8%BF%85%E9%9B%B7%E5%BF%AB%E4%BC%A0-%E5%AF%B9%E4%B8%8D%E8%B5%B7%EF%BC%8C%E6%9C%AA%E8%83%BD%E6%89%BE%E5%88%B0%E6%82%A8%E6%83%B3%E8%A6%81%E7%9A%84%E9%A1%B5%E9%9D%A2_files/r.txt
INFO: [ app_init ] --START--
INFO: Run Behavior\BuildLiteBehavior [ RunTime:0.000000s ]
INFO: [ app_init ] --END-- [ RunTime:0.000000s ]
INFO: [ app_begin ] --START--
INFO: Run Behavior\ReadHtmlCacheBehavior [ RunTime:0.000000s ]
INFO: [ app_begin ] --END-- [ RunTime:0.000000s ]
NOTIC: [8] A session had already been started - ignoring session_start() D:\xiaoyunju\ThinkPHP\Common\functions.php 第 1265 行.
SQL: SELECT COUNT(*) AS tp_count FROM `yang_message` WHERE `type` <> -2 AND `member_id` = null AND `status` = 0 LIMIT 1   [ RunTime:0.0040s ]
SQL: SELECT COUNT(*) AS tp_count FROM `yang_member` WHERE `status` = 5 AND `pid` = null LIMIT 1   [ RunTime:0.0030s ]
SQL: SELECT `currency_id`,`currency_name`,`currency_logo`,`currency_mark`,`currency_unit`,`currency_content`,`currency_all_num`,`currency_buy_fee`,`currency_sell_fee`,`currency_url`,`trade_currency_id`,`is_line`,`is_lock`,`port_number`,`add_time`,`status`,`rpc_url`,`rpc_pwd`,`rpc_user`,`currency_all_tibi`,`detail_url`,`qianbao_url`,`qianbao_key`,`price_up`,`price_down`,`sort`,`currency_digit_num`,`guanwang_url`,`currency_fee_reward`,`start_time_h`,`end_time_h`,`end_time_m`,`start_time_m`,`is_lock_6`,`is_lock_7` FROM `yang_currency` WHERE ( is_line=1  ) ORDER BY sort  [ RunTime:0.0000s ]
SQL: SELECT * FROM `yang_currency` WHERE `trade_currency_id` = 0 LIMIT 1   [ RunTime:0.0010s ]
SQL: SELECT * FROM `yang_currency_user` WHERE `member_id` = null AND `status` = 0 AND `currency_id` = 37 LIMIT 1   [ RunTime:0.0000s ]
INFO: [ view_parse ] --START--
INFO: [ template_filter ] --START--
INFO: Run Behavior\ContentReplaceBehavior [ RunTime:0.000000s ]
INFO: [ template_filter ] --END-- [ RunTime:0.000000s ]
INFO: Run Behavior\ParseTemplateBehavior [ RunTime:0.003000s ]
INFO: [ view_parse ] --END-- [ RunTime:0.003000s ]
INFO: [ view_filter ] --START--
INFO: Run Behavior\WriteHtmlCacheBehavior [ RunTime:0.000000s ]
INFO: [ view_filter ] --END-- [ RunTime:0.000000s ]
INFO: [ app_end ] --START--
INFO: Run Behavior\ShowPageTraceBehavior [ RunTime:0.000000s ]
INFO: [ app_end ] --END-- [ RunTime:0.000000s ]

[ 2018-03-20T18:09:34+08:00 ] 127.0.0.1 /
INFO: [ app_init ] --START--
INFO: Run Behavior\BuildLiteBehavior [ RunTime:0.000000s ]
INFO: [ app_init ] --END-- [ RunTime:0.000000s ]
INFO: [ app_begin ] --START--
INFO: Run Behavior\ReadHtmlCacheBehavior [ RunTime:0.000000s ]
INFO: [ app_begin ] --END-- [ RunTime:0.000000s ]
NOTIC: [8] A session had already been started - ignoring session_start() D:\xiaoyunju\ThinkPHP\Common\functions.php 第 1265 行.
SQL: SELECT COUNT(*) AS tp_count FROM `yang_message` WHERE `type` <> -2 AND `member_id` = null AND `status` = 0 LIMIT 1   [ RunTime:0.0000s ]
SQL: SELECT COUNT(*) AS tp_count FROM `yang_member` WHERE `status` = 5 AND `pid` = null LIMIT 1   [ RunTime:0.0000s ]
SQL: SELECT `currency_id`,`currency_name`,`currency_logo`,`currency_mark`,`currency_unit`,`currency_content`,`currency_all_num`,`currency_buy_fee`,`currency_sell_fee`,`currency_url`,`trade_currency_id`,`is_line`,`is_lock`,`port_number`,`add_time`,`status`,`rpc_url`,`rpc_pwd`,`rpc_user`,`currency_all_tibi`,`detail_url`,`qianbao_url`,`qianbao_key`,`price_up`,`price_down`,`sort`,`currency_digit_num`,`guanwang_url`,`currency_fee_reward`,`start_time_h`,`end_time_h`,`end_time_m`,`start_time_m`,`is_lock_6`,`is_lock_7` FROM `yang_currency` WHERE ( is_line=1  ) ORDER BY sort  [ RunTime:0.0000s ]
SQL: SELECT * FROM `yang_currency` WHERE `trade_currency_id` = 0 LIMIT 1   [ RunTime:0.0000s ]
SQL: SELECT `price`,`num` FROM `yang_trade_37` ORDER BY add_time desc LIMIT 1   [ RunTime:0.0000s ]
SQL: SELECT * FROM `yang_trade_37` ORDER BY add_time desc LIMIT 1   [ RunTime:0.0000s ]
SQL: SELECT * FROM `yang_trade_37` WHERE ( add_time<1521540574-60*60*24 ) ORDER BY add_time desc LIMIT 1   [ RunTime:0.0000s ]
SQL: SELECT * FROM `yang_trade_37` WHERE ( add_time<1521540574-60*60*24*7 ) ORDER BY add_time desc LIMIT 1   [ RunTime:0.0000s ]
SQL: SELECT sum(num) as allnum,sum(money) as all_money FROM `yang_trade_37` WHERE `add_time` BETWEEN 1521454174 AND 1521540574 LIMIT 1   [ RunTime:0.0000s ]
SQL: SELECT `price` FROM `yang_trade_37` ORDER BY price desc LIMIT 1   [ RunTime:0.0000s ]
SQL: SELECT `price` FROM `yang_trade_37` ORDER BY price asc LIMIT 1   [ RunTime:0.0000s ]
SQL: SELECT `currency_name`,`currency_mark`,`currency_logo`,`currency_all_num` FROM `yang_currency` WHERE ( currency_id=37 ) LIMIT 1   [ RunTime:0.0000s ]
NOTIC: [8] Undefined index: USER_KEY_ID D:\xiaoyunju\App\Common\Controller\CommonController.class.php 第 92 行.
SQL: SELECT * FROM `yang_currency_user` WHERE `member_id` = null AND `status` = 0 AND `currency_id` = 37 LIMIT 1   [ RunTime:0.0000s ]
SQL: SELECT * FROM `yang_config` WHERE ( yang_config.key='souyexiaoxi' ) LIMIT 1   [ RunTime:0.0000s ]
NOTIC: [8] Undefined variable: str D:\xiaoyunju\App\Home\Controller\IndexController.class.php 第 29 行.
SQL: SELECT * FROM `yang_article` WHERE ( position_id = 1 ) ORDER BY add_time desc LIMIT 8   [ RunTime:0.0000s ]
SQL: SELECT * FROM `yang_article` WHERE ( position_id = 2 ) ORDER BY add_time desc LIMIT 8   [ RunTime:0.0000s ]
SQL: SELECT * FROM `yang_article` WHERE ( position_id = 3 ) ORDER BY add_time desc LIMIT 8   [ RunTime:0.0000s ]
SQL: SHOW COLUMNS FROM `yang_flash` [ RunTime:0.0000s ]
SQL: SELECT * FROM `yang_flash` ORDER BY sort LIMIT 6   [ RunTime:0.0000s ]
SQL: SHOW COLUMNS FROM `yang_link` [ RunTime:0.0000s ]
SQL: SELECT * FROM `yang_link` WHERE ( status =1 ) ORDER BY add_time desc LIMIT 12   [ RunTime:0.0000s ]
NOTIC: [8] Undefined variable: currency_select D:\xiaoyunju\App\Home\Controller\IndexController.class.php 第 95 行.
NOTIC: [8] Undefined variable: zhangfu D:\xiaoyunju\App\Home\Controller\IndexController.class.php 第 106 行.
INFO: [ view_parse ] --START--
INFO: [ template_filter ] --START--
INFO: Run Behavior\ContentReplaceBehavior [ RunTime:0.000000s ]
INFO: [ template_filter ] --END-- [ RunTime:0.000000s ]
NOTIC: [8] Undefined variable: style D:\xiaoyunju\App\Runtime\Cache\Home\00e52909bed743ea261af4b6823297ff.php 第 268 行.
NOTIC: [8] Undefined variable: style D:\xiaoyunju\App\Runtime\Cache\Home\00e52909bed743ea261af4b6823297ff.php 第 269 行.
INFO: Run Behavior\ParseTemplateBehavior [ RunTime:0.010000s ]
INFO: [ view_parse ] --END-- [ RunTime:0.010000s ]
INFO: [ view_filter ] --START--
INFO: Run Behavior\WriteHtmlCacheBehavior [ RunTime:0.000000s ]
INFO: [ view_filter ] --END-- [ RunTime:0.000000s ]
INFO: [ app_end ] --START--
INFO: Run Behavior\ShowPageTraceBehavior [ RunTime:0.000000s ]
INFO: [ app_end ] --END-- [ RunTime:0.000000s ]

[ 2018-03-20T18:09:34+08:00 ] 127.0.0.1 /Home/Login/showVerify.html
INFO: [ app_init ] --START--
INFO: Run Behavior\BuildLiteBehavior [ RunTime:0.000000s ]
INFO: [ app_init ] --END-- [ RunTime:0.000000s ]
INFO: [ app_begin ] --START--
INFO: Run Behavior\ReadHtmlCacheBehavior [ RunTime:0.000000s ]
INFO: [ app_begin ] --END-- [ RunTime:0.000000s ]
NOTIC: [8] A session had already been started - ignoring session_start() D:\xiaoyunju\ThinkPHP\Common\functions.php 第 1265 行.
SQL: SELECT COUNT(*) AS tp_count FROM `yang_message` WHERE `type` <> -2 AND `member_id` = null AND `status` = 0 LIMIT 1   [ RunTime:0.0000s ]
SQL: SELECT COUNT(*) AS tp_count FROM `yang_member` WHERE `status` = 5 AND `pid` = null LIMIT 1   [ RunTime:0.0000s ]
SQL: SELECT `currency_id`,`currency_name`,`currency_logo`,`currency_mark`,`currency_unit`,`currency_content`,`currency_all_num`,`currency_buy_fee`,`currency_sell_fee`,`currency_url`,`trade_currency_id`,`is_line`,`is_lock`,`port_number`,`add_time`,`status`,`rpc_url`,`rpc_pwd`,`rpc_user`,`currency_all_tibi`,`detail_url`,`qianbao_url`,`qianbao_key`,`price_up`,`price_down`,`sort`,`currency_digit_num`,`guanwang_url`,`currency_fee_reward`,`start_time_h`,`end_time_h`,`end_time_m`,`start_time_m`,`is_lock_6`,`is_lock_7` FROM `yang_currency` WHERE ( is_line=1  ) ORDER BY sort  [ RunTime:0.0000s ]
SQL: SELECT * FROM `yang_currency` WHERE `trade_currency_id` = 0 LIMIT 1   [ RunTime:0.0000s ]
NOTIC: [8] Undefined index: USER_KEY_ID D:\xiaoyunju\App\Common\Controller\CommonController.class.php 第 92 行.
SQL: SELECT * FROM `yang_currency_user` WHERE `member_id` = null AND `status` = 0 AND `currency_id` = 37 LIMIT 1   [ RunTime:0.0000s ]
INFO: [ app_end ] --START--
INFO: Run Behavior\ShowPageTraceBehavior [ RunTime:0.000000s ]
INFO: [ app_end ] --END-- [ RunTime:0.000000s ]

[ 2018-03-20T18:23:56+08:00 ] 127.0.0.1 /
INFO: [ app_init ] --START--
INFO: Run Behavior\BuildLiteBehavior [ RunTime:0.000000s ]
INFO: [ app_init ] --END-- [ RunTime:0.000000s ]
INFO: [ app_begin ] --START--
INFO: Run Behavior\ReadHtmlCacheBehavior [ RunTime:0.000000s ]
INFO: [ app_begin ] --END-- [ RunTime:0.000000s ]
NOTIC: [8] A session had already been started - ignoring session_start() D:\xiaoyunju\ThinkPHP\Common\functions.php 第 1265 行.
SQL: SELECT COUNT(*) AS tp_count FROM `yang_message` WHERE `type` <> -2 AND `member_id` = null AND `status` = 0 LIMIT 1   [ RunTime:0.0000s ]
SQL: SELECT COUNT(*) AS tp_count FROM `yang_member` WHERE `status` = 5 AND `pid` = null LIMIT 1   [ RunTime:0.0000s ]
SQL: SELECT `currency_id`,`currency_name`,`currency_logo`,`currency_mark`,`currency_unit`,`currency_content`,`currency_all_num`,`currency_buy_fee`,`currency_sell_fee`,`currency_url`,`trade_currency_id`,`is_line`,`is_lock`,`port_number`,`add_time`,`status`,`rpc_url`,`rpc_pwd`,`rpc_user`,`currency_all_tibi`,`detail_url`,`qianbao_url`,`qianbao_key`,`price_up`,`price_down`,`sort`,`currency_digit_num`,`guanwang_url`,`currency_fee_reward`,`start_time_h`,`end_time_h`,`end_time_m`,`start_time_m`,`is_lock_6`,`is_lock_7` FROM `yang_currency` WHERE ( is_line=1  ) ORDER BY sort  [ RunTime:0.0000s ]
SQL: SELECT * FROM `yang_currency` WHERE `trade_currency_id` = 0 LIMIT 1   [ RunTime:0.0000s ]
SQL: SELECT `price`,`num` FROM `yang_trade_37` ORDER BY add_time desc LIMIT 1   [ RunTime:0.0000s ]
SQL: SELECT * FROM `yang_trade_37` ORDER BY add_time desc LIMIT 1   [ RunTime:0.0000s ]
SQL: SELECT * FROM `yang_trade_37` WHERE ( add_time<1521541436-60*60*24 ) ORDER BY add_time desc LIMIT 1   [ RunTime:0.0000s ]
SQL: SELECT * FROM `yang_trade_37` WHERE ( add_time<1521541436-60*60*24*7 ) ORDER BY add_time desc LIMIT 1   [ RunTime:0.0000s ]
SQL: SELECT sum(num) as allnum,sum(money) as all_money FROM `yang_trade_37` WHERE `add_time` BETWEEN 1521455036 AND 1521541436 LIMIT 1   [ RunTime:0.0000s ]
SQL: SELECT `price` FROM `yang_trade_37` ORDER BY price desc LIMIT 1   [ RunTime:0.0000s ]
SQL: SELECT `price` FROM `yang_trade_37` ORDER BY price asc LIMIT 1   [ RunTime:0.0000s ]
SQL: SELECT `currency_name`,`currency_mark`,`currency_logo`,`currency_all_num` FROM `yang_currency` WHERE ( currency_id=37 ) LIMIT 1   [ RunTime:0.0000s ]
NOTIC: [8] Undefined index: USER_KEY_ID D:\xiaoyunju\App\Common\Controller\CommonController.class.php 第 92 行.
SQL: SELECT * FROM `yang_currency_user` WHERE `member_id` = null AND `status` = 0 AND `currency_id` = 37 LIMIT 1   [ RunTime:0.0000s ]
SQL: SELECT * FROM `yang_config` WHERE ( yang_config.key='souyexiaoxi' ) LIMIT 1   [ RunTime:0.0000s ]
NOTIC: [8] Undefined variable: str D:\xiaoyunju\App\Home\Controller\IndexController.class.php 第 29 行.
SQL: SELECT * FROM `yang_article` WHERE ( position_id = 2 ) ORDER BY add_time desc LIMIT 8   [ RunTime:0.0000s ]
SQL: SELECT * FROM `yang_article` WHERE ( position_id = 3 ) ORDER BY add_time desc LIMIT 8   [ RunTime:0.0000s ]
NOTIC: [8] Undefined variable: currency_select D:\xiaoyunju\App\Home\Controller\IndexController.class.php 第 95 行.
NOTIC: [8] Undefined variable: zhangfu D:\xiaoyunju\App\Home\Controller\IndexController.class.php 第 106 行.
INFO: [ view_parse ] --START--
INFO: [ template_filter ] --START--
INFO: Run Behavior\ContentReplaceBehavior [ RunTime:0.000000s ]
INFO: [ template_filter ] --END-- [ RunTime:0.000000s ]
NOTIC: [8] Undefined variable: style D:\xiaoyunju\App\Runtime\Cache\Home\00e52909bed743ea261af4b6823297ff.php 第 268 行.
NOTIC: [8] Undefined variable: style D:\xiaoyunju\App\Runtime\Cache\Home\00e52909bed743ea261af4b6823297ff.php 第 269 行.
INFO: Run Behavior\ParseTemplateBehavior [ RunTime:0.015600s ]
INFO: [ view_parse ] --END-- [ RunTime:0.015600s ]
INFO: [ view_filter ] --START--
INFO: Run Behavior\WriteHtmlCacheBehavior [ RunTime:0.000000s ]
INFO: [ view_filter ] --END-- [ RunTime:0.000000s ]
INFO: [ app_end ] --START--
INFO: Run Behavior\ShowPageTraceBehavior [ RunTime:0.000000s ]
INFO: [ app_end ] --END-- [ RunTime:0.000000s ]

[ 2018-03-20T18:23:56+08:00 ] 127.0.0.1 /Home/Login/showVerify.html
INFO: [ app_init ] --START--
INFO: Run Behavior\BuildLiteBehavior [ RunTime:0.000000s ]
INFO: [ app_init ] --END-- [ RunTime:0.000000s ]
INFO: [ app_begin ] --START--
INFO: Run Behavior\ReadHtmlCacheBehavior [ RunTime:0.000000s ]
INFO: [ app_begin ] --END-- [ RunTime:0.000000s ]
NOTIC: [8] A session had already been started - ignoring session_start() D:\xiaoyunju\ThinkPHP\Common\functions.php 第 1265 行.
SQL: SELECT COUNT(*) AS tp_count FROM `yang_message` WHERE `type` <> -2 AND `member_id` = null AND `status` = 0 LIMIT 1   [ RunTime:0.0000s ]
SQL: SELECT COUNT(*) AS tp_count FROM `yang_member` WHERE `status` = 5 AND `pid` = null LIMIT 1   [ RunTime:0.0000s ]
SQL: SELECT `currency_id`,`currency_name`,`currency_logo`,`currency_mark`,`currency_unit`,`currency_content`,`currency_all_num`,`currency_buy_fee`,`currency_sell_fee`,`currency_url`,`trade_currency_id`,`is_line`,`is_lock`,`port_number`,`add_time`,`status`,`rpc_url`,`rpc_pwd`,`rpc_user`,`currency_all_tibi`,`detail_url`,`qianbao_url`,`qianbao_key`,`price_up`,`price_down`,`sort`,`currency_digit_num`,`guanwang_url`,`currency_fee_reward`,`start_time_h`,`end_time_h`,`end_time_m`,`start_time_m`,`is_lock_6`,`is_lock_7` FROM `yang_currency` WHERE ( is_line=1  ) ORDER BY sort  [ RunTime:0.0000s ]
SQL: SELECT * FROM `yang_currency` WHERE `trade_currency_id` = 0 LIMIT 1   [ RunTime:0.0000s ]
NOTIC: [8] Undefined index: USER_KEY_ID D:\xiaoyunju\App\Common\Controller\CommonController.class.php 第 92 行.
SQL: SELECT * FROM `yang_currency_user` WHERE `member_id` = null AND `status` = 0 AND `currency_id` = 37 LIMIT 1   [ RunTime:0.0000s ]
INFO: [ app_end ] --START--
INFO: Run Behavior\ShowPageTraceBehavior [ RunTime:0.000000s ]
INFO: [ app_end ] --END-- [ RunTime:0.000000s ]

