[ 2018-03-19T15:24:57+08:00 ] 127.0.0.1 /exchange/src/images/layout/bg_balance.png
INFO: [ app_init ] --START--
INFO: Run Behavior\BuildLiteBehavior [ RunTime:0.000000s ]
INFO: [ app_init ] --END-- [ RunTime:0.001000s ]
ERR: 无法加载模块:Exchange

[ 2018-03-19T15:24:58+08:00 ] 127.0.0.1 /exchange/src/images/layout/bg_balance.png
INFO: [ app_init ] --START--
INFO: Run Behavior\BuildLiteBehavior [ RunTime:0.000000s ]
INFO: [ app_init ] --END-- [ RunTime:0.001000s ]
ERR: 无法加载模块:Exchange

[ 2018-03-19T15:25:00+08:00 ] 127.0.0.1 /exchange/src/images/layout/bg_balance.png
INFO: [ app_init ] --START--
INFO: Run Behavior\BuildLiteBehavior [ RunTime:0.000000s ]
INFO: [ app_init ] --END-- [ RunTime:0.001000s ]
ERR: 无法加载模块:Exchange

[ 2018-03-19T15:26:59+08:00 ] 127.0.0.1 /exchange/src/images/layout/bg_balance.png
INFO: [ app_init ] --START--
INFO: Run Behavior\BuildLiteBehavior [ RunTime:0.000000s ]
INFO: [ app_init ] --END-- [ RunTime:0.001000s ]
ERR: 无法加载模块:Exchange

[ 2018-03-19T15:27:00+08:00 ] 127.0.0.1 /exchange/src/images/layout/bg_balance.png
INFO: [ app_init ] --START--
INFO: Run Behavior\BuildLiteBehavior [ RunTime:0.000000s ]
INFO: [ app_init ] --END-- [ RunTime:0.000000s ]
ERR: 无法加载模块:Exchange

[ 2018-03-19T15:27:11+08:00 ] 127.0.0.1 /exchange/src/images/layout/bg_balance.png
INFO: [ app_init ] --START--
INFO: Run Behavior\BuildLiteBehavior [ RunTime:0.000000s ]
INFO: [ app_init ] --END-- [ RunTime:0.000000s ]
ERR: 无法加载模块:Exchange

[ 2018-03-19T15:27:36+08:00 ] 127.0.0.1 /exchange/src/images/layout/bg_balance.png
INFO: [ app_init ] --START--
INFO: Run Behavior\BuildLiteBehavior [ RunTime:0.000000s ]
INFO: [ app_init ] --END-- [ RunTime:0.000000s ]
ERR: 无法加载模块:Exchange

[ 2018-03-19T15:27:38+08:00 ] 127.0.0.1 /exchange/src/images/layout/bg_balance.png
INFO: [ app_init ] --START--
INFO: Run Behavior\BuildLiteBehavior [ RunTime:0.000000s ]
INFO: [ app_init ] --END-- [ RunTime:0.000000s ]
ERR: 无法加载模块:Exchange

[ 2018-03-19T15:27:46+08:00 ] 127.0.0.1 /exchange/src/images/layout/bg_balance.png
INFO: [ app_init ] --START--
INFO: Run Behavior\BuildLiteBehavior [ RunTime:0.000000s ]
INFO: [ app_init ] --END-- [ RunTime:0.000000s ]
ERR: 无法加载模块:Exchange

[ 2018-03-19T15:27:59+08:00 ] 127.0.0.1 /exchange/src/images/layout/bg_balance.png
INFO: [ app_init ] --START--
INFO: Run Behavior\BuildLiteBehavior [ RunTime:0.000000s ]
INFO: [ app_init ] --END-- [ RunTime:0.001000s ]
ERR: 无法加载模块:Exchange

[ 2018-03-19T15:28:50+08:00 ] 127.0.0.1 /exchange/src/images/layout/bg_balance.png
INFO: [ app_init ] --START--
INFO: Run Behavior\BuildLiteBehavior [ RunTime:0.000000s ]
INFO: [ app_init ] --END-- [ RunTime:0.000000s ]
ERR: 无法加载模块:Exchange

[ 2018-03-19T15:28:57+08:00 ] 127.0.0.1 /exchange/src/images/layout/bg_balance.png
INFO: [ app_init ] --START--
INFO: Run Behavior\BuildLiteBehavior [ RunTime:0.000000s ]
INFO: [ app_init ] --END-- [ RunTime:0.000000s ]
ERR: 无法加载模块:Exchange

[ 2018-03-19T15:29:05+08:00 ] 127.0.0.1 /exchange/src/images/layout/bg_balance.png
INFO: [ app_init ] --START--
INFO: Run Behavior\BuildLiteBehavior [ RunTime:0.000000s ]
INFO: [ app_init ] --END-- [ RunTime:0.000000s ]
ERR: 无法加载模块:Exchange

[ 2018-03-19T15:29:07+08:00 ] 127.0.0.1 /exchange/src/images/layout/bg_balance.png
INFO: [ app_init ] --START--
INFO: Run Behavior\BuildLiteBehavior [ RunTime:0.000000s ]
INFO: [ app_init ] --END-- [ RunTime:0.000000s ]
ERR: 无法加载模块:Exchange

[ 2018-03-19T15:30:46+08:00 ] 127.0.0.1 /exchange/src/images/layout/bg_balance.png
INFO: [ app_init ] --START--
INFO: Run Behavior\BuildLiteBehavior [ RunTime:0.000000s ]
INFO: [ app_init ] --END-- [ RunTime:0.001000s ]
ERR: 无法加载模块:Exchange

[ 2018-03-19T15:30:52+08:00 ] 127.0.0.1 /exchange/src/images/layout/bg_balance.png
INFO: [ app_init ] --START--
INFO: Run Behavior\BuildLiteBehavior [ RunTime:0.000000s ]
INFO: [ app_init ] --END-- [ RunTime:0.000000s ]
ERR: 无法加载模块:Exchange

[ 2018-03-19T15:34:12+08:00 ] 127.0.0.1 /exchange/src/images/layout/bg_balance.png
INFO: [ app_init ] --START--
INFO: Run Behavior\BuildLiteBehavior [ RunTime:0.000000s ]
INFO: [ app_init ] --END-- [ RunTime:0.000000s ]
ERR: 无法加载模块:Exchange

[ 2018-03-19T15:34:22+08:00 ] 127.0.0.1 /exchange/src/images/layout/bg_balance.png
INFO: [ app_init ] --START--
INFO: Run Behavior\BuildLiteBehavior [ RunTime:0.000000s ]
INFO: [ app_init ] --END-- [ RunTime:0.000000s ]
ERR: 无法加载模块:Exchange

[ 2018-03-19T15:35:55+08:00 ] 127.0.0.1 /exchange/src/images/layout/bg_balance.png
INFO: [ app_init ] --START--
INFO: Run Behavior\BuildLiteBehavior [ RunTime:0.000000s ]
INFO: [ app_init ] --END-- [ RunTime:0.000000s ]
ERR: 无法加载模块:Exchange

[ 2018-03-19T15:35:57+08:00 ] 127.0.0.1 /exchange/src/images/layout/bg_balance.png
INFO: [ app_init ] --START--
INFO: Run Behavior\BuildLiteBehavior [ RunTime:0.000000s ]
INFO: [ app_init ] --END-- [ RunTime:0.000000s ]
ERR: 无法加载模块:Exchange

[ 2018-03-19T15:39:41+08:00 ] 127.0.0.1 /exchange/src/images/layout/bg_balance.png
INFO: [ app_init ] --START--
INFO: Run Behavior\BuildLiteBehavior [ RunTime:0.000000s ]
INFO: [ app_init ] --END-- [ RunTime:0.000000s ]
ERR: 无法加载模块:Exchange

[ 2018-03-19T15:49:20+08:00 ] 127.0.0.1 /exchange/src/images/layout/bg_balance.png
INFO: [ app_init ] --START--
INFO: Run Behavior\BuildLiteBehavior [ RunTime:0.000000s ]
INFO: [ app_init ] --END-- [ RunTime:0.000000s ]
ERR: 无法加载模块:Exchange

[ 2018-03-19T15:49:29+08:00 ] 127.0.0.1 /exchange/src/images/layout/bg_balance.png
INFO: [ app_init ] --START--
INFO: Run Behavior\BuildLiteBehavior [ RunTime:0.000000s ]
INFO: [ app_init ] --END-- [ RunTime:0.000000s ]
ERR: 无法加载模块:Exchange

[ 2018-03-19T16:26:17+08:00 ] 127.0.0.1 /Uploads/Public/Uploads/2017-11-21/5a13df7d614a7.jpg
INFO: [ app_init ] --START--
INFO: Run Behavior\BuildLiteBehavior [ RunTime:0.000000s ]
INFO: [ app_init ] --END-- [ RunTime:0.001000s ]
ERR: 无法加载模块:Uploads

[ 2018-03-19T16:26:24+08:00 ] 127.0.0.1 /images/jubi/zhuce.png
INFO: [ app_init ] --START--
INFO: Run Behavior\BuildLiteBehavior [ RunTime:0.000000s ]
INFO: [ app_init ] --END-- [ RunTime:0.000000s ]
ERR: 无法加载模块:Images

[ 2018-03-19T16:27:22+08:00 ] 127.0.0.1 /Uploads/Public/Uploads/2017-11-21/5a13df7d614a7.jpg
INFO: [ app_init ] --START--
INFO: Run Behavior\BuildLiteBehavior [ RunTime:0.000000s ]
INFO: [ app_init ] --END-- [ RunTime:0.001000s ]
ERR: 无法加载模块:Uploads

[ 2018-03-19T16:27:24+08:00 ] 127.0.0.1 /Uploads/Public/Uploads/2017-11-21/5a13df7d614a7.jpg
INFO: [ app_init ] --START--
INFO: Run Behavior\BuildLiteBehavior [ RunTime:0.000000s ]
INFO: [ app_init ] --END-- [ RunTime:0.000000s ]
ERR: 无法加载模块:Uploads

[ 2018-03-19T16:27:25+08:00 ] 127.0.0.1 /exchange/src/images/layout/bg_balance.png
INFO: [ app_init ] --START--
INFO: Run Behavior\BuildLiteBehavior [ RunTime:0.000000s ]
INFO: [ app_init ] --END-- [ RunTime:0.000000s ]
ERR: 无法加载模块:Exchange

[ 2018-03-19T16:27:27+08:00 ] 127.0.0.1 /exchange/src/images/layout/bg_balance.png
INFO: [ app_init ] --START--
INFO: Run Behavior\BuildLiteBehavior [ RunTime:0.000000s ]
INFO: [ app_init ] --END-- [ RunTime:0.001000s ]
ERR: 无法加载模块:Exchange

[ 2018-03-19T16:27:29+08:00 ] 127.0.0.1 /exchange/src/images/layout/bg_balance.png
INFO: [ app_init ] --START--
INFO: Run Behavior\BuildLiteBehavior [ RunTime:0.000000s ]
INFO: [ app_init ] --END-- [ RunTime:0.001000s ]
ERR: 无法加载模块:Exchange

[ 2018-03-19T16:27:50+08:00 ] 127.0.0.1 /exchange/src/images/layout/bg_balance.png
INFO: [ app_init ] --START--
INFO: Run Behavior\BuildLiteBehavior [ RunTime:0.000000s ]
INFO: [ app_init ] --END-- [ RunTime:0.000000s ]
ERR: 无法加载模块:Exchange

[ 2018-03-19T16:28:23+08:00 ] 127.0.0.1 /Uploads/Public/Uploads/2017-11-21/5a13df7d614a7.jpg
INFO: [ app_init ] --START--
INFO: Run Behavior\BuildLiteBehavior [ RunTime:0.000000s ]
INFO: [ app_init ] --END-- [ RunTime:0.000000s ]
ERR: 无法加载模块:Uploads

[ 2018-03-19T16:28:23+08:00 ] 127.0.0.1 /exchange/src/images/layout/bg_balance.png
INFO: [ app_init ] --START--
INFO: Run Behavior\BuildLiteBehavior [ RunTime:0.000000s ]
INFO: [ app_init ] --END-- [ RunTime:0.000000s ]
ERR: 无法加载模块:Exchange

[ 2018-03-19T16:46:26+08:00 ] 127.0.0.1 /Uploads/Public/Uploads/2017-11-21/5a13df7d614a7.jpg
INFO: [ app_init ] --START--
INFO: Run Behavior\BuildLiteBehavior [ RunTime:0.000000s ]
INFO: [ app_init ] --END-- [ RunTime:0.001000s ]
ERR: 无法加载模块:Uploads

[ 2018-03-19T16:46:26+08:00 ] 127.0.0.1 /images/jubi/zhuce.png
INFO: [ app_init ] --START--
INFO: Run Behavior\BuildLiteBehavior [ RunTime:0.000000s ]
INFO: [ app_init ] --END-- [ RunTime:0.000000s ]
ERR: 无法加载模块:Images

[ 2018-03-19T16:46:58+08:00 ] 127.0.0.1 /images/jubi/zhuce.png
INFO: [ app_init ] --START--
INFO: Run Behavior\BuildLiteBehavior [ RunTime:0.000000s ]
INFO: [ app_init ] --END-- [ RunTime:0.000000s ]
ERR: 无法加载模块:Images

[ 2018-03-19T16:51:40+08:00 ] 127.0.0.1 /Uploads/Public/Uploads/2017-11-21/5a13df7d614a7.jpg
INFO: [ app_init ] --START--
INFO: Run Behavior\BuildLiteBehavior [ RunTime:0.000000s ]
INFO: [ app_init ] --END-- [ RunTime:0.001000s ]
ERR: 无法加载模块:Uploads

[ 2018-03-19T16:51:48+08:00 ] 127.0.0.1 /Uploads/Public/Uploads/2017-11-21/5a13df7d614a7.jpg
INFO: [ app_init ] --START--
INFO: Run Behavior\BuildLiteBehavior [ RunTime:0.000000s ]
INFO: [ app_init ] --END-- [ RunTime:0.000000s ]
ERR: 无法加载模块:Uploads

[ 2018-03-19T16:51:52+08:00 ] 127.0.0.1 /Uploads/Public/Uploads/2017-11-21/5a13df7d614a7.jpg
INFO: [ app_init ] --START--
INFO: Run Behavior\BuildLiteBehavior [ RunTime:0.000000s ]
INFO: [ app_init ] --END-- [ RunTime:0.000000s ]
ERR: 无法加载模块:Uploads

[ 2018-03-19T16:51:52+08:00 ] 127.0.0.1 /exchange/src/images/layout/bg_balance.png
INFO: [ app_init ] --START--
INFO: Run Behavior\BuildLiteBehavior [ RunTime:0.000000s ]
INFO: [ app_init ] --END-- [ RunTime:0.000000s ]
ERR: 无法加载模块:Exchange

[ 2018-03-19T16:51:54+08:00 ] 127.0.0.1 /exchange/src/images/layout/bg_balance.png
INFO: [ app_init ] --START--
INFO: Run Behavior\BuildLiteBehavior [ RunTime:0.000000s ]
INFO: [ app_init ] --END-- [ RunTime:0.001000s ]
ERR: 无法加载模块:Exchange

[ 2018-03-19T16:51:56+08:00 ] 127.0.0.1 /exchange/src/images/layout/bg_balance.png
INFO: [ app_init ] --START--
INFO: Run Behavior\BuildLiteBehavior [ RunTime:0.000000s ]
INFO: [ app_init ] --END-- [ RunTime:0.000000s ]
ERR: 无法加载模块:Exchange

[ 2018-03-19T16:54:26+08:00 ] 127.0.0.1 /Uploads/Public/Uploads/2017-11-21/5a13df7d614a7.jpg
INFO: [ app_init ] --START--
INFO: Run Behavior\BuildLiteBehavior [ RunTime:0.000000s ]
INFO: [ app_init ] --END-- [ RunTime:0.000000s ]
ERR: 无法加载模块:Uploads

[ 2018-03-19T16:54:26+08:00 ] 127.0.0.1 /exchange/src/images/layout/bg_balance.png
INFO: [ app_init ] --START--
INFO: Run Behavior\BuildLiteBehavior [ RunTime:0.000000s ]
INFO: [ app_init ] --END-- [ RunTime:0.000000s ]
ERR: 无法加载模块:Exchange

[ 2018-03-19T16:54:36+08:00 ] 127.0.0.1 /Uploads/Public/Uploads/2017-11-21/5a13df7d614a7.jpg
INFO: [ app_init ] --START--
INFO: Run Behavior\BuildLiteBehavior [ RunTime:0.000000s ]
INFO: [ app_init ] --END-- [ RunTime:0.000000s ]
ERR: 无法加载模块:Uploads

[ 2018-03-19T16:55:06+08:00 ] 127.0.0.1 /images/jubi/zhuce.png
INFO: [ app_init ] --START--
INFO: Run Behavior\BuildLiteBehavior [ RunTime:0.000000s ]
INFO: [ app_init ] --END-- [ RunTime:0.000000s ]
ERR: 无法加载模块:Images

[ 2018-03-19T16:55:21+08:00 ] 127.0.0.1 /Uploads/Public/Uploads/2017-11-21/5a13df7d614a7.jpg
INFO: [ app_init ] --START--
INFO: Run Behavior\BuildLiteBehavior [ RunTime:0.000000s ]
INFO: [ app_init ] --END-- [ RunTime:0.000000s ]
ERR: 无法加载模块:Uploads

[ 2018-03-19T16:55:30+08:00 ] 127.0.0.1 /Uploads/Public/Uploads/2017-11-21/5a13df7d614a7.jpg
INFO: [ app_init ] --START--
INFO: Run Behavior\BuildLiteBehavior [ RunTime:0.000000s ]
INFO: [ app_init ] --END-- [ RunTime:0.000000s ]
ERR: 无法加载模块:Uploads

[ 2018-03-19T16:55:30+08:00 ] 127.0.0.1 /exchange/src/images/layout/bg_balance.png
INFO: [ app_init ] --START--
INFO: Run Behavior\BuildLiteBehavior [ RunTime:0.000000s ]
INFO: [ app_init ] --END-- [ RunTime:0.000000s ]
ERR: 无法加载模块:Exchange

[ 2018-03-19T16:55:31+08:00 ] 127.0.0.1 /exchange/src/images/layout/bg_balance.png
INFO: [ app_init ] --START--
INFO: Run Behavior\BuildLiteBehavior [ RunTime:0.000000s ]
INFO: [ app_init ] --END-- [ RunTime:0.000000s ]
ERR: 无法加载模块:Exchange

[ 2018-03-19T16:55:32+08:00 ] 127.0.0.1 /exchange/src/images/layout/bg_balance.png
INFO: [ app_init ] --START--
INFO: Run Behavior\BuildLiteBehavior [ RunTime:0.000000s ]
INFO: [ app_init ] --END-- [ RunTime:0.000000s ]
ERR: 无法加载模块:Exchange

[ 2018-03-19T16:55:52+08:00 ] 127.0.0.1 /Uploads/Public/Uploads/2017-11-21/5a13df7d614a7.jpg
INFO: [ app_init ] --START--
INFO: Run Behavior\BuildLiteBehavior [ RunTime:0.000000s ]
INFO: [ app_init ] --END-- [ RunTime:0.001000s ]
ERR: 无法加载模块:Uploads

[ 2018-03-19T16:56:01+08:00 ] 127.0.0.1 /Uploads/Public/Uploads/2017-11-21/5a13df7d614a7.jpg
INFO: [ app_init ] --START--
INFO: Run Behavior\BuildLiteBehavior [ RunTime:0.000000s ]
INFO: [ app_init ] --END-- [ RunTime:0.000000s ]
ERR: 无法加载模块:Uploads

[ 2018-03-19T16:56:01+08:00 ] 127.0.0.1 /exchange/src/images/layout/bg_balance.png
INFO: [ app_init ] --START--
INFO: Run Behavior\BuildLiteBehavior [ RunTime:0.000000s ]
INFO: [ app_init ] --END-- [ RunTime:0.000000s ]
ERR: 无法加载模块:Exchange

[ 2018-03-19T16:56:03+08:00 ] 127.0.0.1 /exchange/src/images/layout/bg_balance.png
INFO: [ app_init ] --START--
INFO: Run Behavior\BuildLiteBehavior [ RunTime:0.000000s ]
INFO: [ app_init ] --END-- [ RunTime:0.000000s ]
ERR: 无法加载模块:Exchange

[ 2018-03-19T16:56:04+08:00 ] 127.0.0.1 /exchange/src/images/layout/bg_balance.png
INFO: [ app_init ] --START--
INFO: Run Behavior\BuildLiteBehavior [ RunTime:0.000000s ]
INFO: [ app_init ] --END-- [ RunTime:0.000000s ]
ERR: 无法加载模块:Exchange

[ 2018-03-19T16:57:21+08:00 ] 127.0.0.1 /exchange/src/images/layout/bg_balance.png
INFO: [ app_init ] --START--
INFO: Run Behavior\BuildLiteBehavior [ RunTime:0.000000s ]
INFO: [ app_init ] --END-- [ RunTime:0.001000s ]
ERR: 无法加载模块:Exchange

[ 2018-03-19T16:57:54+08:00 ] 127.0.0.1 /Uploads/Public/Uploads/2017-11-21/5a13df7d614a7.jpg
INFO: [ app_init ] --START--
INFO: Run Behavior\BuildLiteBehavior [ RunTime:0.000000s ]
INFO: [ app_init ] --END-- [ RunTime:0.000000s ]
ERR: 无法加载模块:Uploads

[ 2018-03-19T16:57:54+08:00 ] 127.0.0.1 /exchange/src/images/layout/bg_balance.png
INFO: [ app_init ] --START--
INFO: Run Behavior\BuildLiteBehavior [ RunTime:0.000000s ]
INFO: [ app_init ] --END-- [ RunTime:0.000000s ]
ERR: 无法加载模块:Exchange

[ 2018-03-19T17:05:30+08:00 ] 127.0.0.1 /exchange/src/images/layout/bg_balance.png
INFO: [ app_init ] --START--
INFO: Run Behavior\BuildLiteBehavior [ RunTime:0.000000s ]
INFO: [ app_init ] --END-- [ RunTime:0.001000s ]
ERR: 无法加载模块:Exchange

[ 2018-03-19T17:05:32+08:00 ] 127.0.0.1 /exchange/src/images/layout/bg_balance.png
INFO: [ app_init ] --START--
INFO: Run Behavior\BuildLiteBehavior [ RunTime:0.000000s ]
INFO: [ app_init ] --END-- [ RunTime:0.001000s ]
ERR: 无法加载模块:Exchange

[ 2018-03-19T17:05:38+08:00 ] 127.0.0.1 /Uploads/Public/Uploads/2017-11-21/5a13df7d614a7.jpg
INFO: [ app_init ] --START--
INFO: Run Behavior\BuildLiteBehavior [ RunTime:0.000000s ]
INFO: [ app_init ] --END-- [ RunTime:0.001000s ]
ERR: 无法加载模块:Uploads

[ 2018-03-19T17:05:43+08:00 ] 127.0.0.1 /Uploads/Public/Uploads/2017-11-21/5a13df7d614a7.jpg
INFO: [ app_init ] --START--
INFO: Run Behavior\BuildLiteBehavior [ RunTime:0.000000s ]
INFO: [ app_init ] --END-- [ RunTime:0.001000s ]
ERR: 无法加载模块:Uploads

[ 2018-03-19T17:05:44+08:00 ] 127.0.0.1 /exchange/src/images/layout/bg_balance.png
INFO: [ app_init ] --START--
INFO: Run Behavior\BuildLiteBehavior [ RunTime:0.000000s ]
INFO: [ app_init ] --END-- [ RunTime:0.000000s ]
ERR: 无法加载模块:Exchange

[ 2018-03-19T17:05:45+08:00 ] 127.0.0.1 /exchange/src/images/layout/bg_balance.png
INFO: [ app_init ] --START--
INFO: Run Behavior\BuildLiteBehavior [ RunTime:0.000000s ]
INFO: [ app_init ] --END-- [ RunTime:0.001000s ]
ERR: 无法加载模块:Exchange

[ 2018-03-19T17:05:48+08:00 ] 127.0.0.1 /exchange/src/images/layout/bg_balance.png
INFO: [ app_init ] --START--
INFO: Run Behavior\BuildLiteBehavior [ RunTime:0.000000s ]
INFO: [ app_init ] --END-- [ RunTime:0.001000s ]
ERR: 无法加载模块:Exchange

[ 2018-03-19T17:06:42+08:00 ] 127.0.0.1 /exchange/src/images/layout/bg_balance.png
INFO: [ app_init ] --START--
INFO: Run Behavior\BuildLiteBehavior [ RunTime:0.000000s ]
INFO: [ app_init ] --END-- [ RunTime:0.001000s ]
ERR: 无法加载模块:Exchange

[ 2018-03-19T17:08:19+08:00 ] 127.0.0.1 /exchange/src/images/layout/bg_balance.png
INFO: [ app_init ] --START--
INFO: Run Behavior\BuildLiteBehavior [ RunTime:0.000000s ]
INFO: [ app_init ] --END-- [ RunTime:0.000000s ]
ERR: 无法加载模块:Exchange

[ 2018-03-19T17:22:52+08:00 ] 127.0.0.1 /exchange/src/images/layout/bg_balance.png
INFO: [ app_init ] --START--
INFO: Run Behavior\BuildLiteBehavior [ RunTime:0.000000s ]
INFO: [ app_init ] --END-- [ RunTime:0.001000s ]
ERR: 无法加载模块:Exchange

