[ 2018-03-17T11:31:32+08:00 ] 127.0.0.1 /Public/Admin/iconfont/iconfont/iconfont.woff?t=1458976880
INFO: [ app_init ] --START--
INFO: Run Behavior\BuildLiteBehavior [ RunTime:0.000000s ]
INFO: [ app_init ] --END-- [ RunTime:0.000000s ]
ERR: 无法加载模块:Public

[ 2018-03-17T11:32:38+08:00 ] 127.0.0.1 /Public/Admin/iconfont/iconfont/iconfont.woff?t=1458976880
INFO: [ app_init ] --START--
INFO: Run Behavior\BuildLiteBehavior [ RunTime:0.000000s ]
INFO: [ app_init ] --END-- [ RunTime:0.000000s ]
ERR: 无法加载模块:Public

[ 2018-03-17T11:34:14+08:00 ] 127.0.0.1 /Public/kindeditor/plugins/prettify.js
INFO: [ app_init ] --START--
INFO: Run Behavior\BuildLiteBehavior [ RunTime:0.000000s ]
INFO: [ app_init ] --END-- [ RunTime:0.000000s ]
ERR: 无法加载模块:Public

[ 2018-03-17T11:34:14+08:00 ] 127.0.0.1 /Public/Admin/iconfont/iconfont/iconfont.woff?t=1458976880
INFO: [ app_init ] --START--
INFO: Run Behavior\BuildLiteBehavior [ RunTime:0.000000s ]
INFO: [ app_init ] --END-- [ RunTime:0.000000s ]
ERR: 无法加载模块:Public

[ 2018-03-17T11:34:14+08:00 ] 127.0.0.1 /Public/kindeditor/plugins/prettify.js
INFO: [ app_init ] --START--
INFO: Run Behavior\BuildLiteBehavior [ RunTime:0.000000s ]
INFO: [ app_init ] --END-- [ RunTime:0.001000s ]
ERR: 无法加载模块:Public

[ 2018-03-17T11:34:57+08:00 ] 127.0.0.1 /Public/kindeditor/plugins/prettify.js
INFO: [ app_init ] --START--
INFO: Run Behavior\BuildLiteBehavior [ RunTime:0.000000s ]
INFO: [ app_init ] --END-- [ RunTime:0.000000s ]
ERR: 无法加载模块:Public

[ 2018-03-17T11:34:57+08:00 ] 127.0.0.1 /Public/Admin/iconfont/iconfont/iconfont.woff?t=1458976880
INFO: [ app_init ] --START--
INFO: Run Behavior\BuildLiteBehavior [ RunTime:0.000000s ]
INFO: [ app_init ] --END-- [ RunTime:0.000000s ]
ERR: 无法加载模块:Public

[ 2018-03-17T11:34:57+08:00 ] 127.0.0.1 /Public/kindeditor/plugins/prettify.js
INFO: [ app_init ] --START--
INFO: Run Behavior\BuildLiteBehavior [ RunTime:0.000000s ]
INFO: [ app_init ] --END-- [ RunTime:0.000000s ]
ERR: 无法加载模块:Public

[ 2018-03-17T11:36:20+08:00 ] 127.0.0.1 /Public/kindeditor/plugins/prettify.js
INFO: [ app_init ] --START--
INFO: Run Behavior\BuildLiteBehavior [ RunTime:0.000000s ]
INFO: [ app_init ] --END-- [ RunTime:0.000000s ]
ERR: 无法加载模块:Public

[ 2018-03-17T11:36:20+08:00 ] 127.0.0.1 /Public/Admin/iconfont/iconfont/iconfont.woff?t=1458976880
INFO: [ app_init ] --START--
INFO: Run Behavior\BuildLiteBehavior [ RunTime:0.000000s ]
INFO: [ app_init ] --END-- [ RunTime:0.000000s ]
ERR: 无法加载模块:Public

[ 2018-03-17T11:36:20+08:00 ] 127.0.0.1 /Public/kindeditor/plugins/prettify.js
INFO: [ app_init ] --START--
INFO: Run Behavior\BuildLiteBehavior [ RunTime:0.000000s ]
INFO: [ app_init ] --END-- [ RunTime:0.000000s ]
ERR: 无法加载模块:Public

[ 2018-03-17T11:38:32+08:00 ] 127.0.0.1 /Public/kindeditor/plugins/prettify.js
INFO: [ app_init ] --START--
INFO: Run Behavior\BuildLiteBehavior [ RunTime:0.000000s ]
INFO: [ app_init ] --END-- [ RunTime:0.001000s ]
ERR: 无法加载模块:Public

[ 2018-03-17T11:38:32+08:00 ] 127.0.0.1 /Public/Admin/iconfont/iconfont/iconfont.woff?t=1458976880
INFO: [ app_init ] --START--
INFO: Run Behavior\BuildLiteBehavior [ RunTime:0.000000s ]
INFO: [ app_init ] --END-- [ RunTime:0.000000s ]
ERR: 无法加载模块:Public

[ 2018-03-17T11:38:32+08:00 ] 127.0.0.1 /Public/kindeditor/plugins/prettify.js
INFO: [ app_init ] --START--
INFO: Run Behavior\BuildLiteBehavior [ RunTime:0.000000s ]
INFO: [ app_init ] --END-- [ RunTime:0.000000s ]
ERR: 无法加载模块:Public

[ 2018-03-17T11:39:19+08:00 ] 127.0.0.1 /Public/kindeditor/plugins/prettify.js
INFO: [ app_init ] --START--
INFO: Run Behavior\BuildLiteBehavior [ RunTime:0.000000s ]
INFO: [ app_init ] --END-- [ RunTime:0.000000s ]
ERR: 无法加载模块:Public

[ 2018-03-17T11:39:19+08:00 ] 127.0.0.1 /Public/Admin/iconfont/iconfont/iconfont.woff?t=1458976880
INFO: [ app_init ] --START--
INFO: Run Behavior\BuildLiteBehavior [ RunTime:0.000000s ]
INFO: [ app_init ] --END-- [ RunTime:0.000000s ]
ERR: 无法加载模块:Public

[ 2018-03-17T11:39:19+08:00 ] 127.0.0.1 /Public/kindeditor/plugins/prettify.js
INFO: [ app_init ] --START--
INFO: Run Behavior\BuildLiteBehavior [ RunTime:0.000000s ]
INFO: [ app_init ] --END-- [ RunTime:0.000000s ]
ERR: 无法加载模块:Public

[ 2018-03-17T11:44:12+08:00 ] 127.0.0.1 /Public/Admin/iconfont/iconfont/iconfont.woff?t=1458976880
INFO: [ app_init ] --START--
INFO: Run Behavior\BuildLiteBehavior [ RunTime:0.000000s ]
INFO: [ app_init ] --END-- [ RunTime:0.000000s ]
ERR: 无法加载模块:Public

[ 2018-03-17T11:45:33+08:00 ] 127.0.0.1 /Public/Admin/iconfont/iconfont/iconfont.woff?t=1458976880
INFO: [ app_init ] --START--
INFO: Run Behavior\BuildLiteBehavior [ RunTime:0.000000s ]
INFO: [ app_init ] --END-- [ RunTime:0.000000s ]
ERR: 无法加载模块:Public

[ 2018-03-17T11:45:44+08:00 ] 127.0.0.1 /Public/Admin/iconfont/iconfont/iconfont.woff?t=1458976880
INFO: [ app_init ] --START--
INFO: Run Behavior\BuildLiteBehavior [ RunTime:0.000000s ]
INFO: [ app_init ] --END-- [ RunTime:0.000000s ]
ERR: 无法加载模块:Public

[ 2018-03-17T11:46:00+08:00 ] 127.0.0.1 /Public/Admin/iconfont/iconfont/iconfont.woff?t=1458976880
INFO: [ app_init ] --START--
INFO: Run Behavior\BuildLiteBehavior [ RunTime:0.000000s ]
INFO: [ app_init ] --END-- [ RunTime:0.001000s ]
ERR: 无法加载模块:Public

[ 2018-03-17T11:46:39+08:00 ] 127.0.0.1 /Public/kindeditor/plugins/prettify.js
INFO: [ app_init ] --START--
INFO: Run Behavior\BuildLiteBehavior [ RunTime:0.000000s ]
INFO: [ app_init ] --END-- [ RunTime:0.000000s ]
ERR: 无法加载模块:Public

[ 2018-03-17T11:46:39+08:00 ] 127.0.0.1 /Public/Admin/iconfont/iconfont/iconfont.woff?t=1458976880
INFO: [ app_init ] --START--
INFO: Run Behavior\BuildLiteBehavior [ RunTime:0.000000s ]
INFO: [ app_init ] --END-- [ RunTime:0.000000s ]
ERR: 无法加载模块:Public

[ 2018-03-17T11:46:39+08:00 ] 127.0.0.1 /Public/kindeditor/plugins/prettify.js
INFO: [ app_init ] --START--
INFO: Run Behavior\BuildLiteBehavior [ RunTime:0.000000s ]
INFO: [ app_init ] --END-- [ RunTime:0.000000s ]
ERR: 无法加载模块:Public

[ 2018-03-17T11:56:45+08:00 ] 127.0.0.1 /Public/kindeditor/plugins/prettify.js
INFO: [ app_init ] --START--
INFO: Run Behavior\BuildLiteBehavior [ RunTime:0.000000s ]
INFO: [ app_init ] --END-- [ RunTime:0.000000s ]
ERR: 无法加载模块:Public

[ 2018-03-17T11:56:45+08:00 ] 127.0.0.1 /Public/Admin/iconfont/iconfont/iconfont.woff?t=1458976880
INFO: [ app_init ] --START--
INFO: Run Behavior\BuildLiteBehavior [ RunTime:0.000000s ]
INFO: [ app_init ] --END-- [ RunTime:0.000000s ]
ERR: 无法加载模块:Public

[ 2018-03-17T11:56:45+08:00 ] 127.0.0.1 /Public/kindeditor/plugins/prettify.js
INFO: [ app_init ] --START--
INFO: Run Behavior\BuildLiteBehavior [ RunTime:0.000000s ]
INFO: [ app_init ] --END-- [ RunTime:0.000000s ]
ERR: 无法加载模块:Public

[ 2018-03-17T14:21:12+08:00 ] 127.0.0.1 /Public/kindeditor/plugins/prettify.js
INFO: [ app_init ] --START--
INFO: Run Behavior\BuildLiteBehavior [ RunTime:0.000000s ]
INFO: [ app_init ] --END-- [ RunTime:0.001000s ]
ERR: 无法加载模块:Public

[ 2018-03-17T14:21:12+08:00 ] 127.0.0.1 /Public/Admin/iconfont/iconfont/iconfont.woff?t=1458976880
INFO: [ app_init ] --START--
INFO: Run Behavior\BuildLiteBehavior [ RunTime:0.000000s ]
INFO: [ app_init ] --END-- [ RunTime:0.000000s ]
ERR: 无法加载模块:Public

[ 2018-03-17T14:21:12+08:00 ] 127.0.0.1 /Public/kindeditor/plugins/prettify.js
INFO: [ app_init ] --START--
INFO: Run Behavior\BuildLiteBehavior [ RunTime:0.000000s ]
INFO: [ app_init ] --END-- [ RunTime:0.000000s ]
ERR: 无法加载模块:Public

[ 2018-03-17T14:26:05+08:00 ] 127.0.0.1 /Public/Admin/iconfont/iconfont/iconfont.woff?t=1458976880
INFO: [ app_init ] --START--
INFO: Run Behavior\BuildLiteBehavior [ RunTime:0.000000s ]
INFO: [ app_init ] --END-- [ RunTime:0.000000s ]
ERR: 无法加载模块:Public

[ 2018-03-17T14:26:08+08:00 ] 127.0.0.1 /Public/kindeditor/plugins/prettify.js
INFO: [ app_init ] --START--
INFO: Run Behavior\BuildLiteBehavior [ RunTime:0.000000s ]
INFO: [ app_init ] --END-- [ RunTime:0.000000s ]
ERR: 无法加载模块:Public

[ 2018-03-17T14:26:08+08:00 ] 127.0.0.1 /Public/Admin/iconfont/iconfont/iconfont.woff?t=1458976880
INFO: [ app_init ] --START--
INFO: Run Behavior\BuildLiteBehavior [ RunTime:0.000000s ]
INFO: [ app_init ] --END-- [ RunTime:0.000000s ]
ERR: 无法加载模块:Public

[ 2018-03-17T14:26:08+08:00 ] 127.0.0.1 /Public/kindeditor/plugins/prettify.js
INFO: [ app_init ] --START--
INFO: Run Behavior\BuildLiteBehavior [ RunTime:0.000000s ]
INFO: [ app_init ] --END-- [ RunTime:0.000000s ]
ERR: 无法加载模块:Public

[ 2018-03-17T14:26:35+08:00 ] 127.0.0.1 /Public/kindeditor/plugins/prettify.js
INFO: [ app_init ] --START--
INFO: Run Behavior\BuildLiteBehavior [ RunTime:0.000000s ]
INFO: [ app_init ] --END-- [ RunTime:0.001000s ]
ERR: 无法加载模块:Public

[ 2018-03-17T14:26:35+08:00 ] 127.0.0.1 /Public/Admin/iconfont/iconfont/iconfont.woff?t=1458976880
INFO: [ app_init ] --START--
INFO: Run Behavior\BuildLiteBehavior [ RunTime:0.000000s ]
INFO: [ app_init ] --END-- [ RunTime:0.000000s ]
ERR: 无法加载模块:Public

[ 2018-03-17T14:26:35+08:00 ] 127.0.0.1 /Public/kindeditor/plugins/prettify.js
INFO: [ app_init ] --START--
INFO: Run Behavior\BuildLiteBehavior [ RunTime:0.000000s ]
INFO: [ app_init ] --END-- [ RunTime:0.000000s ]
ERR: 无法加载模块:Public

[ 2018-03-17T14:26:41+08:00 ] 127.0.0.1 /Public/kindeditor/plugins/prettify.js
INFO: [ app_init ] --START--
INFO: Run Behavior\BuildLiteBehavior [ RunTime:0.000000s ]
INFO: [ app_init ] --END-- [ RunTime:0.001000s ]
ERR: 无法加载模块:Public

[ 2018-03-17T14:26:41+08:00 ] 127.0.0.1 /Public/Admin/iconfont/iconfont/iconfont.woff?t=1458976880
INFO: [ app_init ] --START--
INFO: Run Behavior\BuildLiteBehavior [ RunTime:0.000000s ]
INFO: [ app_init ] --END-- [ RunTime:0.000000s ]
ERR: 无法加载模块:Public

[ 2018-03-17T14:26:42+08:00 ] 127.0.0.1 /Public/kindeditor/plugins/prettify.js
INFO: [ app_init ] --START--
INFO: Run Behavior\BuildLiteBehavior [ RunTime:0.000000s ]
INFO: [ app_init ] --END-- [ RunTime:0.001000s ]
ERR: 无法加载模块:Public

[ 2018-03-17T14:27:34+08:00 ] 127.0.0.1 /Public/kindeditor/plugins/prettify.js
INFO: [ app_init ] --START--
INFO: Run Behavior\BuildLiteBehavior [ RunTime:0.000000s ]
INFO: [ app_init ] --END-- [ RunTime:0.000000s ]
ERR: 无法加载模块:Public

[ 2018-03-17T14:27:34+08:00 ] 127.0.0.1 /Public/Admin/iconfont/iconfont/iconfont.woff?t=1458976880
INFO: [ app_init ] --START--
INFO: Run Behavior\BuildLiteBehavior [ RunTime:0.000000s ]
INFO: [ app_init ] --END-- [ RunTime:0.000000s ]
ERR: 无法加载模块:Public

[ 2018-03-17T14:27:34+08:00 ] 127.0.0.1 /Public/kindeditor/plugins/prettify.js
INFO: [ app_init ] --START--
INFO: Run Behavior\BuildLiteBehavior [ RunTime:0.000000s ]
INFO: [ app_init ] --END-- [ RunTime:0.000000s ]
ERR: 无法加载模块:Public

[ 2018-03-17T14:30:00+08:00 ] 127.0.0.1 /Public/kindeditor/plugins/prettify.js
INFO: [ app_init ] --START--
INFO: Run Behavior\BuildLiteBehavior [ RunTime:0.000000s ]
INFO: [ app_init ] --END-- [ RunTime:0.000000s ]
ERR: 无法加载模块:Public

[ 2018-03-17T14:30:00+08:00 ] 127.0.0.1 /Public/Admin/iconfont/iconfont/iconfont.woff?t=1458976880
INFO: [ app_init ] --START--
INFO: Run Behavior\BuildLiteBehavior [ RunTime:0.000000s ]
INFO: [ app_init ] --END-- [ RunTime:0.000000s ]
ERR: 无法加载模块:Public

[ 2018-03-17T14:30:00+08:00 ] 127.0.0.1 /Public/kindeditor/plugins/prettify.js
INFO: [ app_init ] --START--
INFO: Run Behavior\BuildLiteBehavior [ RunTime:0.000000s ]
INFO: [ app_init ] --END-- [ RunTime:0.001000s ]
ERR: 无法加载模块:Public

[ 2018-03-17T14:30:06+08:00 ] 127.0.0.1 /Public/kindeditor/plugins/prettify.js
INFO: [ app_init ] --START--
INFO: Run Behavior\BuildLiteBehavior [ RunTime:0.000000s ]
INFO: [ app_init ] --END-- [ RunTime:0.000000s ]
ERR: 无法加载模块:Public

[ 2018-03-17T14:30:06+08:00 ] 127.0.0.1 /Public/Admin/iconfont/iconfont/iconfont.woff?t=1458976880
INFO: [ app_init ] --START--
INFO: Run Behavior\BuildLiteBehavior [ RunTime:0.000000s ]
INFO: [ app_init ] --END-- [ RunTime:0.000000s ]
ERR: 无法加载模块:Public

[ 2018-03-17T14:30:07+08:00 ] 127.0.0.1 /Public/kindeditor/plugins/prettify.js
INFO: [ app_init ] --START--
INFO: Run Behavior\BuildLiteBehavior [ RunTime:0.000000s ]
INFO: [ app_init ] --END-- [ RunTime:0.001000s ]
ERR: 无法加载模块:Public

[ 2018-03-17T14:30:34+08:00 ] 127.0.0.1 /Public/kindeditor/plugins/prettify.js
INFO: [ app_init ] --START--
INFO: Run Behavior\BuildLiteBehavior [ RunTime:0.000000s ]
INFO: [ app_init ] --END-- [ RunTime:0.000000s ]
ERR: 无法加载模块:Public

[ 2018-03-17T14:30:35+08:00 ] 127.0.0.1 /Public/Admin/iconfont/iconfont/iconfont.woff?t=1458976880
INFO: [ app_init ] --START--
INFO: Run Behavior\BuildLiteBehavior [ RunTime:0.000000s ]
INFO: [ app_init ] --END-- [ RunTime:0.000000s ]
ERR: 无法加载模块:Public

[ 2018-03-17T14:30:35+08:00 ] 127.0.0.1 /Public/kindeditor/plugins/prettify.js
INFO: [ app_init ] --START--
INFO: Run Behavior\BuildLiteBehavior [ RunTime:0.000000s ]
INFO: [ app_init ] --END-- [ RunTime:0.000000s ]
ERR: 无法加载模块:Public

[ 2018-03-17T14:31:04+08:00 ] 127.0.0.1 /Public/kindeditor/plugins/prettify.js
INFO: [ app_init ] --START--
INFO: Run Behavior\BuildLiteBehavior [ RunTime:0.000000s ]
INFO: [ app_init ] --END-- [ RunTime:0.000000s ]
ERR: 无法加载模块:Public

[ 2018-03-17T14:31:04+08:00 ] 127.0.0.1 /Public/Admin/iconfont/iconfont/iconfont.woff?t=1458976880
INFO: [ app_init ] --START--
INFO: Run Behavior\BuildLiteBehavior [ RunTime:0.000000s ]
INFO: [ app_init ] --END-- [ RunTime:0.000000s ]
ERR: 无法加载模块:Public

[ 2018-03-17T14:31:04+08:00 ] 127.0.0.1 /Public/kindeditor/plugins/prettify.js
INFO: [ app_init ] --START--
INFO: Run Behavior\BuildLiteBehavior [ RunTime:0.000000s ]
INFO: [ app_init ] --END-- [ RunTime:0.001000s ]
ERR: 无法加载模块:Public

[ 2018-03-17T14:31:06+08:00 ] 127.0.0.1 /Public/kindeditor/plugins/prettify.js
INFO: [ app_init ] --START--
INFO: Run Behavior\BuildLiteBehavior [ RunTime:0.000000s ]
INFO: [ app_init ] --END-- [ RunTime:0.000000s ]
ERR: 无法加载模块:Public

[ 2018-03-17T14:31:06+08:00 ] 127.0.0.1 /Public/Admin/iconfont/iconfont/iconfont.woff?t=1458976880
INFO: [ app_init ] --START--
INFO: Run Behavior\BuildLiteBehavior [ RunTime:0.000000s ]
INFO: [ app_init ] --END-- [ RunTime:0.000000s ]
ERR: 无法加载模块:Public

[ 2018-03-17T14:31:07+08:00 ] 127.0.0.1 /Public/kindeditor/plugins/prettify.js
INFO: [ app_init ] --START--
INFO: Run Behavior\BuildLiteBehavior [ RunTime:0.000000s ]
INFO: [ app_init ] --END-- [ RunTime:0.001000s ]
ERR: 无法加载模块:Public

[ 2018-03-17T14:32:38+08:00 ] 127.0.0.1 /Public/kindeditor/plugins/prettify.js
INFO: [ app_init ] --START--
INFO: Run Behavior\BuildLiteBehavior [ RunTime:0.000000s ]
INFO: [ app_init ] --END-- [ RunTime:0.001000s ]
ERR: 无法加载模块:Public

[ 2018-03-17T14:32:38+08:00 ] 127.0.0.1 /Public/Admin/iconfont/iconfont/iconfont.woff?t=1458976880
INFO: [ app_init ] --START--
INFO: Run Behavior\BuildLiteBehavior [ RunTime:0.000000s ]
INFO: [ app_init ] --END-- [ RunTime:0.000000s ]
ERR: 无法加载模块:Public

[ 2018-03-17T14:32:38+08:00 ] 127.0.0.1 /Public/kindeditor/plugins/prettify.js
INFO: [ app_init ] --START--
INFO: Run Behavior\BuildLiteBehavior [ RunTime:0.000000s ]
INFO: [ app_init ] --END-- [ RunTime:0.000000s ]
ERR: 无法加载模块:Public

[ 2018-03-17T14:33:10+08:00 ] 127.0.0.1 /Public/kindeditor/plugins/prettify.js
INFO: [ app_init ] --START--
INFO: Run Behavior\BuildLiteBehavior [ RunTime:0.000000s ]
INFO: [ app_init ] --END-- [ RunTime:0.000000s ]
ERR: 无法加载模块:Public

[ 2018-03-17T14:33:10+08:00 ] 127.0.0.1 /Public/Admin/iconfont/iconfont/iconfont.woff?t=1458976880
INFO: [ app_init ] --START--
INFO: Run Behavior\BuildLiteBehavior [ RunTime:0.000000s ]
INFO: [ app_init ] --END-- [ RunTime:0.000000s ]
ERR: 无法加载模块:Public

[ 2018-03-17T14:33:10+08:00 ] 127.0.0.1 /Public/kindeditor/plugins/prettify.js
INFO: [ app_init ] --START--
INFO: Run Behavior\BuildLiteBehavior [ RunTime:0.000000s ]
INFO: [ app_init ] --END-- [ RunTime:0.000000s ]
ERR: 无法加载模块:Public

[ 2018-03-17T14:33:26+08:00 ] 127.0.0.1 /Public/kindeditor/plugins/prettify.js
INFO: [ app_init ] --START--
INFO: Run Behavior\BuildLiteBehavior [ RunTime:0.000000s ]
INFO: [ app_init ] --END-- [ RunTime:0.000000s ]
ERR: 无法加载模块:Public

[ 2018-03-17T14:33:26+08:00 ] 127.0.0.1 /Public/Admin/iconfont/iconfont/iconfont.woff?t=1458976880
INFO: [ app_init ] --START--
INFO: Run Behavior\BuildLiteBehavior [ RunTime:0.000000s ]
INFO: [ app_init ] --END-- [ RunTime:0.000000s ]
ERR: 无法加载模块:Public

[ 2018-03-17T14:33:26+08:00 ] 127.0.0.1 /Public/kindeditor/plugins/prettify.js
INFO: [ app_init ] --START--
INFO: Run Behavior\BuildLiteBehavior [ RunTime:0.000000s ]
INFO: [ app_init ] --END-- [ RunTime:0.000000s ]
ERR: 无法加载模块:Public

[ 2018-03-17T14:35:04+08:00 ] 127.0.0.1 /Public/Admin/iconfont/iconfont/iconfont.woff?t=1458976880
INFO: [ app_init ] --START--
INFO: Run Behavior\BuildLiteBehavior [ RunTime:0.000000s ]
INFO: [ app_init ] --END-- [ RunTime:0.000000s ]
ERR: 无法加载模块:Public

[ 2018-03-17T14:53:06+08:00 ] 127.0.0.1 /Public/Admin/iconfont/iconfont/iconfont.woff?t=1458976880
INFO: [ app_init ] --START--
INFO: Run Behavior\BuildLiteBehavior [ RunTime:0.000000s ]
INFO: [ app_init ] --END-- [ RunTime:0.000000s ]
ERR: 无法加载模块:Public

[ 2018-03-17T14:53:09+08:00 ] 127.0.0.1 /Public/Admin/iconfont/iconfont/iconfont.woff?t=1458976880
INFO: [ app_init ] --START--
INFO: Run Behavior\BuildLiteBehavior [ RunTime:0.000000s ]
INFO: [ app_init ] --END-- [ RunTime:0.000000s ]
ERR: 无法加载模块:Public

[ 2018-03-17T15:07:50+08:00 ] 127.0.0.1 /Uploads/Public/Uploads/2017-11-21/5a13df7d614a7.jpg
INFO: [ app_init ] --START--
INFO: Run Behavior\BuildLiteBehavior [ RunTime:0.000000s ]
INFO: [ app_init ] --END-- [ RunTime:0.000000s ]
ERR: 无法加载模块:Uploads

[ 2018-03-17T15:10:54+08:00 ] 127.0.0.1 /Uploads/Public/Uploads/2017-11-21/5a13df7d614a7.jpg
INFO: [ app_init ] --START--
INFO: Run Behavior\BuildLiteBehavior [ RunTime:0.000000s ]
INFO: [ app_init ] --END-- [ RunTime:0.000000s ]
ERR: 无法加载模块:Uploads

[ 2018-03-17T15:11:20+08:00 ] 127.0.0.1 /Uploads/Public/Uploads/2017-11-21/5a13df7d614a7.jpg
INFO: [ app_init ] --START--
INFO: Run Behavior\BuildLiteBehavior [ RunTime:0.000000s ]
INFO: [ app_init ] --END-- [ RunTime:0.000000s ]
ERR: 无法加载模块:Uploads

[ 2018-03-17T15:12:09+08:00 ] 127.0.0.1 /Uploads/Public/Uploads/2017-11-21/5a13df7d614a7.jpg
INFO: [ app_init ] --START--
INFO: Run Behavior\BuildLiteBehavior [ RunTime:0.000000s ]
INFO: [ app_init ] --END-- [ RunTime:0.000000s ]
ERR: 无法加载模块:Uploads

[ 2018-03-17T15:21:48+08:00 ] 127.0.0.1 /Uploads/Public/Uploads/2017-11-21/5a13df7d614a7.jpg
INFO: [ app_init ] --START--
INFO: Run Behavior\BuildLiteBehavior [ RunTime:0.000000s ]
INFO: [ app_init ] --END-- [ RunTime:0.000000s ]
ERR: 无法加载模块:Uploads

[ 2018-03-17T15:27:00+08:00 ] 127.0.0.1 /Uploads/Public/Uploads/2017-11-21/5a13df7d614a7.jpg
INFO: [ app_init ] --START--
INFO: Run Behavior\BuildLiteBehavior [ RunTime:0.000000s ]
INFO: [ app_init ] --END-- [ RunTime:0.001000s ]
ERR: 无法加载模块:Uploads

[ 2018-03-17T15:27:05+08:00 ] 127.0.0.1 /Uploads/Public/Uploads/2017-11-21/5a13df7d614a7.jpg
INFO: [ app_init ] --START--
INFO: Run Behavior\BuildLiteBehavior [ RunTime:0.000000s ]
INFO: [ app_init ] --END-- [ RunTime:0.000000s ]
ERR: 无法加载模块:Uploads

[ 2018-03-17T15:51:43+08:00 ] 127.0.0.1 /Uploads/Public/Uploads/2017-11-21/5a13df7d614a7.jpg
INFO: [ app_init ] --START--
INFO: Run Behavior\BuildLiteBehavior [ RunTime:0.000000s ]
INFO: [ app_init ] --END-- [ RunTime:0.000000s ]
ERR: 无法加载模块:Uploads

[ 2018-03-17T15:51:54+08:00 ] 127.0.0.1 /Uploads/Public/Uploads/2017-11-21/5a13df7d614a7.jpg
INFO: [ app_init ] --START--
INFO: Run Behavior\BuildLiteBehavior [ RunTime:0.000000s ]
INFO: [ app_init ] --END-- [ RunTime:0.001000s ]
ERR: 无法加载模块:Uploads

[ 2018-03-17T15:52:00+08:00 ] 127.0.0.1 /Uploads/Public/Uploads/2017-11-21/5a13df7d614a7.jpg
INFO: [ app_init ] --START--
INFO: Run Behavior\BuildLiteBehavior [ RunTime:0.000000s ]
INFO: [ app_init ] --END-- [ RunTime:0.000000s ]
ERR: 无法加载模块:Uploads

[ 2018-03-17T15:52:00+08:00 ] 127.0.0.1 /exchange/src/images/layout/bg_balance.png
INFO: [ app_init ] --START--
INFO: Run Behavior\BuildLiteBehavior [ RunTime:0.000000s ]
INFO: [ app_init ] --END-- [ RunTime:0.000000s ]
ERR: 无法加载模块:Exchange

[ 2018-03-17T15:52:24+08:00 ] 127.0.0.1 /Uploads/Public/Uploads/2017-11-21/5a13df7d614a7.jpg
INFO: [ app_init ] --START--
INFO: Run Behavior\BuildLiteBehavior [ RunTime:0.000000s ]
INFO: [ app_init ] --END-- [ RunTime:0.000000s ]
ERR: 无法加载模块:Uploads

[ 2018-03-17T15:52:24+08:00 ] 127.0.0.1 /exchange/src/images/layout/bg_balance.png
INFO: [ app_init ] --START--
INFO: Run Behavior\BuildLiteBehavior [ RunTime:0.000000s ]
INFO: [ app_init ] --END-- [ RunTime:0.001000s ]
ERR: 无法加载模块:Exchange

[ 2018-03-17T15:56:57+08:00 ] 127.0.0.1 /exchange/src/images/layout/bg_balance.png
INFO: [ app_init ] --START--
INFO: Run Behavior\BuildLiteBehavior [ RunTime:0.000000s ]
INFO: [ app_init ] --END-- [ RunTime:0.000000s ]
ERR: 无法加载模块:Exchange

[ 2018-03-17T15:57:51+08:00 ] 127.0.0.1 /exchange/src/images/layout/bg_balance.png
INFO: [ app_init ] --START--
INFO: Run Behavior\BuildLiteBehavior [ RunTime:0.000000s ]
INFO: [ app_init ] --END-- [ RunTime:0.000000s ]
ERR: 无法加载模块:Exchange

[ 2018-03-17T15:59:33+08:00 ] 127.0.0.1 /exchange/src/images/layout/bg_balance.png
INFO: [ app_init ] --START--
INFO: Run Behavior\BuildLiteBehavior [ RunTime:0.000000s ]
INFO: [ app_init ] --END-- [ RunTime:0.001000s ]
ERR: 无法加载模块:Exchange

[ 2018-03-17T16:01:09+08:00 ] 127.0.0.1 /Uploads/Public/Uploads/2017-11-21/5a13df7d614a7.jpg
INFO: [ app_init ] --START--
INFO: Run Behavior\BuildLiteBehavior [ RunTime:0.000000s ]
INFO: [ app_init ] --END-- [ RunTime:0.000000s ]
ERR: 无法加载模块:Uploads

[ 2018-03-17T16:01:10+08:00 ] 127.0.0.1 /exchange/src/images/layout/bg_balance.png
INFO: [ app_init ] --START--
INFO: Run Behavior\BuildLiteBehavior [ RunTime:0.000000s ]
INFO: [ app_init ] --END-- [ RunTime:0.001000s ]
ERR: 无法加载模块:Exchange

[ 2018-03-17T16:20:24+08:00 ] 127.0.0.1 /Public/Admin/iconfont/iconfont/iconfont.woff?t=1458976880
INFO: [ app_init ] --START--
INFO: Run Behavior\BuildLiteBehavior [ RunTime:0.000000s ]
INFO: [ app_init ] --END-- [ RunTime:0.000000s ]
ERR: 无法加载模块:Public

